2016-07-05 04:58:56,253 CRIT Supervisor running as root (no user in config file)
2016-07-05 04:58:56,276 INFO RPC interface 'supervisor' initialized
2016-07-05 04:58:56,277 CRIT Server 'unix_http_server' running without any HTTP authentication checking
2016-07-05 04:58:56,278 INFO supervisord started with pid 1
2016-07-05 05:08:56,822 CRIT Supervisor running as root (no user in config file)
2016-07-05 05:08:56,849 INFO RPC interface 'supervisor' initialized
2016-07-05 05:08:56,851 CRIT Server 'unix_http_server' running without any HTTP authentication checking
2016-07-05 05:08:56,852 INFO supervisord started with pid 18
2016-07-05 05:08:57,861 INFO spawned: 'node-red-user1' with pid 21
2016-07-05 05:08:57,867 INFO spawned: 'node-red-user2' with pid 22
2016-07-05 05:08:57,876 INFO spawned: 'node-red-user3' with pid 24
2016-07-05 05:08:58,271 INFO exited: node-red-user3 (exit status 0; not expected)
2016-07-05 05:08:59,017 INFO success: node-red-user1 entered RUNNING state, process has stayed up for > than 1 seconds (startsecs)
2016-07-05 05:08:59,018 INFO success: node-red-user2 entered RUNNING state, process has stayed up for > than 1 seconds (startsecs)
2016-07-05 05:09:00,110 INFO spawned: 'node-red-user3' with pid 35
2016-07-05 05:09:00,363 INFO exited: node-red-user3 (exit status 0; not expected)
2016-07-05 05:09:02,377 INFO spawned: 'node-red-user3' with pid 37
2016-07-05 05:09:02,631 INFO exited: node-red-user3 (exit status 0; not expected)
2016-07-05 05:09:05,368 WARN received SIGINT indicating exit request
2016-07-05 05:09:05,370 INFO waiting for node-red-user1, node-red-user2 to die
2016-07-05 05:09:06,378 INFO stopped: node-red-user2 (exit status 143)
2016-07-05 05:09:06,385 INFO stopped: node-red-user1 (exit status 143)
2016-07-05 05:10:17,917 CRIT Supervisor running as root (no user in config file)
2016-07-05 05:10:17,940 INFO RPC interface 'supervisor' initialized
2016-07-05 05:10:17,941 CRIT Server 'unix_http_server' running without any HTTP authentication checking
2016-07-05 05:10:17,942 INFO supervisord started with pid 63
2016-07-05 05:10:18,952 INFO spawned: 'node-red-user1' with pid 66
2016-07-05 05:10:18,956 INFO spawned: 'node-red-user2' with pid 67
2016-07-05 05:10:18,960 INFO spawned: 'node-red-user3' with pid 69
2016-07-05 05:10:19,318 INFO exited: node-red-user3 (exit status 0; not expected)
2016-07-05 05:10:20,046 INFO success: node-red-user1 entered RUNNING state, process has stayed up for > than 1 seconds (startsecs)
2016-07-05 05:10:20,046 INFO success: node-red-user2 entered RUNNING state, process has stayed up for > than 1 seconds (startsecs)
2016-07-05 05:10:21,149 INFO spawned: 'node-red-user3' with pid 80
2016-07-05 05:10:21,403 INFO exited: node-red-user3 (exit status 0; not expected)
2016-07-05 05:10:23,412 INFO spawned: 'node-red-user3' with pid 82
2016-07-05 05:10:23,667 INFO exited: node-red-user3 (exit status 0; not expected)
2016-07-05 05:10:26,679 INFO spawned: 'node-red-user3' with pid 84
2016-07-05 05:10:26,928 INFO exited: node-red-user3 (exit status 0; not expected)
2016-07-05 05:10:27,935 INFO gave up: node-red-user3 entered FATAL state, too many start retries too quickly
2016-07-05 05:10:39,881 WARN received SIGINT indicating exit request
2016-07-05 05:10:39,882 INFO waiting for node-red-user1, node-red-user2 to die
2016-07-05 05:10:40,887 INFO stopped: node-red-user2 (exit status 143)
2016-07-05 05:10:40,892 INFO stopped: node-red-user1 (exit status 143)
2016-07-05 05:13:38,564 CRIT Supervisor running as root (no user in config file)
2016-07-05 05:13:38,595 INFO RPC interface 'supervisor' initialized
2016-07-05 05:13:38,596 CRIT Server 'unix_http_server' running without any HTTP authentication checking
2016-07-05 05:13:38,597 INFO supervisord started with pid 115
2016-07-05 05:13:39,609 INFO spawned: 'node-red-user1' with pid 118
2016-07-05 05:13:39,614 INFO spawned: 'node-red-user2' with pid 119
2016-07-05 05:13:39,618 INFO spawned: 'node-red-user3' with pid 121
2016-07-05 05:13:41,106 INFO success: node-red-user1 entered RUNNING state, process has stayed up for > than 1 seconds (startsecs)
2016-07-05 05:13:41,106 INFO success: node-red-user2 entered RUNNING state, process has stayed up for > than 1 seconds (startsecs)
2016-07-05 05:13:41,107 INFO success: node-red-user3 entered RUNNING state, process has stayed up for > than 1 seconds (startsecs)
2016-07-05 05:14:06,267 WARN received SIGINT indicating exit request
2016-07-05 05:14:06,268 INFO waiting for node-red-user1, node-red-user2, node-red-user3 to die
2016-07-05 05:14:06,274 INFO stopped: node-red-user3 (exit status 143)
2016-07-05 05:14:06,277 INFO stopped: node-red-user2 (exit status 143)
2016-07-05 05:14:06,282 INFO stopped: node-red-user1 (exit status 143)
2016-07-05 05:14:50,200 CRIT Supervisor running as root (no user in config file)
2016-07-05 05:14:50,234 INFO RPC interface 'supervisor' initialized
2016-07-05 05:14:50,235 CRIT Server 'unix_http_server' running without any HTTP authentication checking
2016-07-05 05:14:50,235 INFO supervisord started with pid 1
2016-07-05 05:14:51,243 INFO spawned: 'node-red-user1' with pid 8
2016-07-05 05:14:51,248 INFO spawned: 'node-red-user2' with pid 9
2016-07-05 05:14:51,254 INFO spawned: 'node-red-user3' with pid 11
2016-07-05 05:14:52,850 INFO success: node-red-user1 entered RUNNING state, process has stayed up for > than 1 seconds (startsecs)
2016-07-05 05:14:52,850 INFO success: node-red-user2 entered RUNNING state, process has stayed up for > than 1 seconds (startsecs)
2016-07-05 05:14:52,852 INFO success: node-red-user3 entered RUNNING state, process has stayed up for > than 1 seconds (startsecs)
2016-07-05 05:15:21,835 WARN received SIGINT indicating exit request
2016-07-05 05:15:21,836 INFO waiting for node-red-user1, node-red-user2, node-red-user3 to die
2016-07-05 05:15:21,841 INFO stopped: node-red-user3 (exit status 143)
2016-07-05 05:15:21,846 INFO stopped: node-red-user2 (exit status 143)
2016-07-05 05:15:21,851 INFO stopped: node-red-user1 (exit status 143)
2016-07-05 05:16:07,662 CRIT Supervisor running as root (no user in config file)
2016-07-05 05:16:07,691 INFO RPC interface 'supervisor' initialized
2016-07-05 05:16:07,692 CRIT Server 'unix_http_server' running without any HTTP authentication checking
2016-07-05 05:16:07,692 INFO supervisord started with pid 1
2016-07-05 05:16:08,701 INFO spawned: 'node-red-user1' with pid 8
2016-07-05 05:16:08,705 INFO spawned: 'node-red-user2' with pid 9
2016-07-05 05:16:08,709 INFO spawned: 'node-red-user3' with pid 11
2016-07-05 05:16:10,242 INFO success: node-red-user1 entered RUNNING state, process has stayed up for > than 1 seconds (startsecs)
2016-07-05 05:16:10,243 INFO success: node-red-user2 entered RUNNING state, process has stayed up for > than 1 seconds (startsecs)
2016-07-05 05:16:10,244 INFO success: node-red-user3 entered RUNNING state, process has stayed up for > than 1 seconds (startsecs)
2016-07-05 05:16:43,096 WARN received SIGINT indicating exit request
2016-07-05 05:16:43,101 INFO waiting for node-red-user1, node-red-user2, node-red-user3 to die
2016-07-05 05:16:43,101 INFO stopped: node-red-user3 (exit status 143)
2016-07-05 05:16:43,106 INFO stopped: node-red-user2 (exit status 143)
2016-07-05 05:16:43,112 INFO stopped: node-red-user1 (exit status 143)
2016-07-05 05:17:13,585 CRIT Supervisor running as root (no user in config file)
2016-07-05 05:17:13,618 INFO RPC interface 'supervisor' initialized
2016-07-05 05:17:13,618 CRIT Server 'unix_http_server' running without any HTTP authentication checking
2016-07-05 05:17:13,620 INFO supervisord started with pid 1
2016-07-05 05:17:14,632 INFO spawned: 'node-red-user1' with pid 8
2016-07-05 05:17:14,637 INFO spawned: 'node-red-user2' with pid 9
2016-07-05 05:17:14,644 INFO spawned: 'node-red-user3' with pid 11
2016-07-05 05:17:16,119 INFO success: node-red-user1 entered RUNNING state, process has stayed up for > than 1 seconds (startsecs)
2016-07-05 05:17:16,120 INFO success: node-red-user2 entered RUNNING state, process has stayed up for > than 1 seconds (startsecs)
2016-07-05 05:17:16,120 INFO success: node-red-user3 entered RUNNING state, process has stayed up for > than 1 seconds (startsecs)
2016-07-05 05:18:11,736 WARN received SIGINT indicating exit request
2016-07-05 05:18:11,737 INFO waiting for node-red-user1, node-red-user2, node-red-user3 to die
2016-07-05 05:18:11,744 INFO stopped: node-red-user3 (exit status 143)
2016-07-05 05:18:11,749 INFO stopped: node-red-user2 (exit status 143)
2016-07-05 05:18:11,755 INFO stopped: node-red-user1 (exit status 143)
2016-07-05 05:18:36,469 CRIT Supervisor running as root (no user in config file)
2016-07-05 05:18:36,500 INFO RPC interface 'supervisor' initialized
2016-07-05 05:18:36,501 CRIT Server 'unix_http_server' running without any HTTP authentication checking
2016-07-05 05:18:36,502 INFO supervisord started with pid 1
2016-07-05 05:18:37,509 INFO spawned: 'node-red-user1' with pid 7
2016-07-05 05:18:37,515 INFO spawned: 'node-red-user2' with pid 8
2016-07-05 05:18:37,519 INFO spawned: 'node-red-user3' with pid 10
2016-07-05 05:18:39,121 INFO success: node-red-user1 entered RUNNING state, process has stayed up for > than 1 seconds (startsecs)
2016-07-05 05:18:39,121 INFO success: node-red-user2 entered RUNNING state, process has stayed up for > than 1 seconds (startsecs)
2016-07-05 05:18:39,123 INFO success: node-red-user3 entered RUNNING state, process has stayed up for > than 1 seconds (startsecs)
2016-07-05 05:24:49,638 INFO spawned: 'node-red-user4' with pid 48
2016-07-05 05:24:51,633 INFO success: node-red-user4 entered RUNNING state, process has stayed up for > than 1 seconds (startsecs)
2016-07-05 05:26:11,590 WARN received SIGINT indicating exit request
2016-07-05 05:26:11,594 INFO waiting for node-red-user4, node-red-user1, node-red-user2, node-red-user3 to die
2016-07-05 05:26:11,595 INFO stopped: node-red-user3 (exit status 143)
2016-07-05 05:26:11,599 INFO stopped: node-red-user2 (exit status 143)
2016-07-05 05:26:11,603 INFO stopped: node-red-user1 (exit status 143)
2016-07-05 05:26:11,607 INFO stopped: node-red-user4 (exit status 143)
2016-07-05 05:35:35,065 CRIT Supervisor running as root (no user in config file)
2016-07-05 05:35:35,095 INFO RPC interface 'supervisor' initialized
2016-07-05 05:35:35,096 CRIT Server 'unix_http_server' running without any HTTP authentication checking
2016-07-05 05:35:35,097 INFO supervisord started with pid 1
2016-07-05 05:35:36,108 INFO spawned: 'node-red-user1' with pid 7
2016-07-05 05:35:36,114 INFO spawned: 'node-red-user2' with pid 8
2016-07-05 05:35:36,130 INFO spawned: 'node-red-user3' with pid 10
2016-07-05 05:35:37,730 INFO success: node-red-user1 entered RUNNING state, process has stayed up for > than 1 seconds (startsecs)
2016-07-05 05:35:37,731 INFO success: node-red-user2 entered RUNNING state, process has stayed up for > than 1 seconds (startsecs)
2016-07-05 05:35:37,732 INFO success: node-red-user3 entered RUNNING state, process has stayed up for > than 1 seconds (startsecs)
2016-07-05 05:35:46,206 WARN received SIGINT indicating exit request
2016-07-05 05:35:46,207 INFO waiting for node-red-user1, node-red-user2, node-red-user3 to die
2016-07-05 05:35:46,210 INFO stopped: node-red-user3 (exit status 143)
2016-07-05 05:35:46,215 INFO stopped: node-red-user2 (exit status 143)
2016-07-05 05:35:46,219 INFO stopped: node-red-user1 (exit status 143)
2016-07-05 06:07:13,798 CRIT Supervisor running as root (no user in config file)
2016-07-05 06:07:13,828 INFO RPC interface 'supervisor' initialized
2016-07-05 06:07:13,829 CRIT Server 'unix_http_server' running without any HTTP authentication checking
2016-07-05 06:07:13,830 INFO supervisord started with pid 33
2016-07-05 06:07:14,841 INFO spawned: 'node-red-user1' with pid 36
2016-07-05 06:07:14,846 INFO spawned: 'node-red-user2' with pid 37
2016-07-05 06:07:14,853 INFO spawned: 'node-red-user3' with pid 40
2016-07-05 06:07:16,422 INFO success: node-red-user1 entered RUNNING state, process has stayed up for > than 1 seconds (startsecs)
2016-07-05 06:07:16,424 INFO success: node-red-user2 entered RUNNING state, process has stayed up for > than 1 seconds (startsecs)
2016-07-05 06:07:16,425 INFO success: node-red-user3 entered RUNNING state, process has stayed up for > than 1 seconds (startsecs)
2016-07-05 06:10:10,780 INFO exited: node-red-user3 (exit status 143; not expected)
2016-07-05 06:10:11,790 INFO spawned: 'node-red-user3' with pid 79
2016-07-05 06:10:12,982 INFO success: node-red-user3 entered RUNNING state, process has stayed up for > than 1 seconds (startsecs)
2016-07-05 06:11:06,177 INFO exited: node-red-user2 (exit status 143; not expected)
2016-07-05 06:11:07,190 INFO spawned: 'node-red-user2' with pid 88
2016-07-05 06:11:08,264 INFO success: node-red-user2 entered RUNNING state, process has stayed up for > than 1 seconds (startsecs)
2016-07-05 06:12:17,365 INFO stopped: node-red-user1 (exit status 143)
2016-07-05 06:12:28,840 INFO spawned: 'node-red-user1' with pid 102
2016-07-05 06:12:29,837 INFO success: node-red-user1 entered RUNNING state, process has stayed up for > than 1 seconds (startsecs)
2016-07-05 06:15:53,354 INFO spawned: 'node-red-user4' with pid 110
2016-07-05 06:15:54,473 INFO success: node-red-user4 entered RUNNING state, process has stayed up for > than 1 seconds (startsecs)
2016-07-05 06:17:41,267 INFO stopped: node-red-user3 (exit status 143)
2016-07-05 06:17:42,278 INFO spawned: 'node-red-user3' with pid 131
2016-07-05 06:17:43,466 INFO success: node-red-user3 entered RUNNING state, process has stayed up for > than 1 seconds (startsecs)
2016-07-05 06:57:28,802 WARN received SIGINT indicating exit request
2016-07-05 06:57:28,809 INFO waiting for node-red-user4, node-red-user1, node-red-user2, node-red-user3 to die
2016-07-05 06:57:28,812 INFO stopped: node-red-user3 (exit status 143)
2016-07-05 06:57:28,816 INFO stopped: node-red-user2 (exit status 143)
2016-07-05 06:57:28,820 INFO stopped: node-red-user1 (exit status 143)
2016-07-05 06:57:28,823 INFO stopped: node-red-user4 (exit status 143)
2016-07-05 10:53:48,835 CRIT Supervisor running as root (no user in config file)
2016-07-05 10:53:48,875 INFO RPC interface 'supervisor' initialized
2016-07-05 10:53:48,875 CRIT Server 'unix_http_server' running without any HTTP authentication checking
2016-07-05 10:53:48,876 INFO supervisord started with pid 1
2016-07-05 10:53:49,886 INFO spawned: 'node-red-user4' with pid 8
2016-07-05 10:53:49,891 INFO spawned: 'node-red-user1' with pid 9
2016-07-05 10:53:49,896 INFO spawned: 'node-red-user2' with pid 10
2016-07-05 10:53:49,901 INFO spawned: 'node-red-user3' with pid 12
2016-07-05 10:53:50,903 INFO success: node-red-user4 entered RUNNING state, process has stayed up for > than 1 seconds (startsecs)
2016-07-05 10:53:50,903 INFO success: node-red-user1 entered RUNNING state, process has stayed up for > than 1 seconds (startsecs)
2016-07-05 10:53:50,904 INFO success: node-red-user2 entered RUNNING state, process has stayed up for > than 1 seconds (startsecs)
2016-07-05 10:53:50,905 INFO success: node-red-user3 entered RUNNING state, process has stayed up for > than 1 seconds (startsecs)
2016-07-05 10:54:06,526 WARN received SIGINT indicating exit request
2016-07-05 10:54:06,532 INFO waiting for node-red-user4, node-red-user1, node-red-user2, node-red-user3 to die
2016-07-05 10:54:06,533 INFO stopped: node-red-user3 (exit status 143)
2016-07-05 10:54:06,540 INFO stopped: node-red-user2 (exit status 143)
2016-07-05 10:54:06,546 INFO stopped: node-red-user1 (exit status 143)
2016-07-05 10:54:06,553 INFO stopped: node-red-user4 (exit status 143)
2016-07-05 10:54:50,810 CRIT Supervisor running as root (no user in config file)
2016-07-05 10:54:50,843 INFO RPC interface 'supervisor' initialized
2016-07-05 10:54:50,844 CRIT Server 'unix_http_server' running without any HTTP authentication checking
2016-07-05 10:54:50,844 INFO supervisord started with pid 1
2016-07-05 10:54:51,854 INFO spawned: 'node-red-user4' with pid 7
2016-07-05 10:54:51,859 INFO spawned: 'node-red-user1' with pid 8
2016-07-05 10:54:51,865 INFO spawned: 'node-red-user2' with pid 9
2016-07-05 10:54:51,875 INFO spawned: 'node-red-user3' with pid 11
2016-07-05 10:54:52,877 INFO success: node-red-user4 entered RUNNING state, process has stayed up for > than 1 seconds (startsecs)
2016-07-05 10:54:52,880 INFO success: node-red-user1 entered RUNNING state, process has stayed up for > than 1 seconds (startsecs)
2016-07-05 10:54:52,881 INFO success: node-red-user2 entered RUNNING state, process has stayed up for > than 1 seconds (startsecs)
2016-07-05 10:54:52,882 INFO success: node-red-user3 entered RUNNING state, process has stayed up for > than 1 seconds (startsecs)
